<?xml version="1.0" encoding="UTF-8"?>
<!-- Generated by org.testng.reporters.JUnitXMLReporter -->
<testsuite hostname="Sachins-Air.blr-office.geekyants.com" ignored="0" name="Default test" tests="3" failures="0" timestamp="19 Sep 2018 05:12:40 GMT" time="49.926" errors="0">
  <testcase name="keywordIdentifier" time="11.943" classname="com.qa.tests.Assignment3Test"/>
  <testcase name="sentimentAnalyzer" time="9.592" classname="com.qa.tests.Assignment3Test"/>
  <testcase name="summaryAnalyzer" time="16.196" classname="com.qa.tests.Assignment3Test"/>
</testsuite> <!-- Default test -->
