<?xml version="1.0" encoding="UTF-8"?>
<testng-results skipped="0" failed="0" ignored="0" total="1" passed="1">
  <reporter-output>
  </reporter-output>
  <suite name="Default suite" duration-ms="36584" started-at="2018-09-19T15:51:26Z" finished-at="2018-09-19T15:52:02Z">
    <groups>
    </groups>
    <test name="Default test" duration-ms="36584" started-at="2018-09-19T15:51:26Z" finished-at="2018-09-19T15:52:02Z">
      <class name="com.qa.tests.Assignment4Test">
        <test-method status="PASS" signature="setUp()[pri:0, instance:com.qa.tests.Assignment4Test@66a3ffec]" name="setUp" is-config="true" duration-ms="14395" started-at="2018-09-19T21:21:26Z" finished-at="2018-09-19T21:21:40Z">
          <reporter-output>
          </reporter-output>
        </test-method> <!-- setUp -->
        <test-method status="PASS" signature="searchText()[pri:1, instance:com.qa.tests.Assignment4Test@66a3ffec]" name="searchText" duration-ms="22155" started-at="2018-09-19T21:21:40Z" finished-at="2018-09-19T21:22:02Z">
          <reporter-output>
          </reporter-output>
        </test-method> <!-- searchText -->
        <test-method status="PASS" signature="tearDown()[pri:0, instance:com.qa.tests.Assignment4Test@66a3ffec]" name="tearDown" is-config="true" duration-ms="0" started-at="2018-09-19T21:22:02Z" finished-at="2018-09-19T21:22:02Z">
          <reporter-output>
          </reporter-output>
        </test-method> <!-- tearDown -->
      </class> <!-- com.qa.tests.Assignment4Test -->
    </test> <!-- Default test -->
  </suite> <!-- Default suite -->
</testng-results>
